This is TeX, Version 3.14159 (Web2C 7.4.5) (format=latex 2008.10.31)  22 FEB 2010 16:25
**pvtxresolution.tex
(./pvtxresolution.tex
LaTeX2e <2001/06/01>
Babel <v3.7h> and hyphenation patterns for american, french, german, ngerman, n
ohyphenation, loaded.
(./cmspaper.cls
CMS paper style Version <0.4>, <25 Nov. 1996>
based on Document Style 'CERNART' Version <2.1>, <1 May 1995>
Document Class: cmspaper 1996/11/25
(/usr/share/texmf/tex/latex/base/article.cls
Document Class: article 2001/04/21 v1.4e Standard LaTeX document class
(/usr/share/texmf/tex/latex/base/size10.clo
File: size10.clo 2001/04/21 v1.4e Standard LaTeX file (size option)
)
\c@part=\count79
\c@section=\count80
\c@subsection=\count81
\c@subsubsection=\count82
\c@paragraph=\count83
\c@subparagraph=\count84
\c@figure=\count85
\c@table=\count86
\abovecaptionskip=\skip41
\belowcaptionskip=\skip42
\bibindent=\dimen102
)
\c@instfoot=\count87

(/usr/share/texmf/tex/latex/graphics/graphics.sty
Package: graphics 2001/07/07 v1.0n Standard LaTeX Graphics (DPC,SPQR)

(/usr/share/texmf/tex/latex/graphics/trig.sty
Package: trig 1999/03/16 v1.09 sin cos tan (DPC)
)
(/usr/share/texmf/tex/latex/config/graphics.cfg
File: graphics.cfg 2001/08/31 v1.1 graphics configuration of teTeX/TeXLive
)
Package graphics Info: Driver file: dvips.def on input line 80.

(/usr/share/texmf/tex/latex/graphics/dvips.def
File: dvips.def 1999/02/16 v3.0i Driver-dependant file (DPC,SPQR)
)))
(/usr/share/texmf/tex/latex/graphics/graphicx.sty
Package: graphicx 1999/02/16 v1.0f Enhanced LaTeX Graphics (DPC,SPQR)

(/usr/share/texmf/tex/latex/graphics/keyval.sty
Package: keyval 1999/03/16 v1.13 key=value parser (DPC)
\KV@toks@=\toks14
)
\Gin@req@height=\dimen103
\Gin@req@width=\dimen104
)
(/usr/share/texmf/tex/plain/dvips/rotate.tex
\rotdimen=\dimen105
)
(/usr/share/texmf/tex/latex/misc/relsize.sty
Package: relsize 1999/11/01 ver 2.0b
)
(/usr/share/texmf/tex/latex/graphics/epsfig.sty
Package: epsfig 1999/02/16 v1.7a (e)psfig emulation (SPQR)
\epsfxsize=\dimen106
\epsfysize=\dimen107
) (./lineno.sty
Package: lineno 2005/11/02 line numbers on paragraphs v4.41
\linenopenalty=\count88
\output=\toks15
\linenoprevgraf=\count89
\linenumbersep=\dimen108
\linenumberwidth=\dimen109
\c@linenumber=\count90
\c@pagewiselinenumber=\count91
\c@LN@truepage=\count92
\c@internallinenumber=\count93
\c@internallinenumbers=\count94
\quotelinenumbersep=\dimen110
\bframerule=\dimen111
\bframesep=\dimen112
\bframebox=\box26
LaTeX Info: Redefining \\ on input line 3056.
)
(/usr/share/texmf/tex/latex/tools/verbatim.sty
Package: verbatim 2001/03/12 v1.5p LaTeX2e package for verbatim enhancements
\every@verbatim=\toks16
\verbatim@line=\toks17
\verbatim@in@stream=\read1
) (./pvtxresolution.aux)
\openout1 = `pvtxresolution.aux'.

LaTeX Font Info:    Checking defaults for OML/cmm/m/it on input line 18.
LaTeX Font Info:    ... okay on input line 18.
LaTeX Font Info:    Checking defaults for T1/cmr/m/n on input line 18.
LaTeX Font Info:    ... okay on input line 18.
LaTeX Font Info:    Checking defaults for OT1/cmr/m/n on input line 18.
LaTeX Font Info:    ... okay on input line 18.
LaTeX Font Info:    Checking defaults for OMS/cmsy/m/n on input line 18.
LaTeX Font Info:    ... okay on input line 18.
LaTeX Font Info:    Checking defaults for OMX/cmex/m/n on input line 18.
LaTeX Font Info:    ... okay on input line 18.
LaTeX Font Info:    Checking defaults for U/cmr/m/n on input line 18.
LaTeX Font Info:    ... okay on input line 18.
LaTeX Font Info:    Try loading font information for OT1+ptm on input line 18.

(/usr/share/texmf/tex/latex/psnfss/ot1ptm.fd
File: ot1ptm.fd 2001/06/04 font definitions for OT1/ptm.
)
LaTeX Font Info:    Font shape `OT1/ptm/bx/n' in size <14.4> not available
(Font)              Font shape `OT1/ptm/b/n' tried instead on input line 27.
File: cms_note.eps Graphic file (type eps)
 <cms_note.eps>
LaTeX Font Info:    Font shape `OT1/ptm/bx/n' in size <12> not available
(Font)              Font shape `OT1/ptm/b/n' tried instead on input line 28.
LaTeX Font Info:    Try loading font information for OT1+phv on input line 30.

(/usr/share/texmf/tex/latex/psnfss/ot1phv.fd
File: ot1phv.fd 2001/06/04 scalable font definitions for OT1/phv.
)
LaTeX Font Info:    External font `cmex10' loaded for size
(Font)              <20.74> on input line 30.
LaTeX Font Info:    External font `cmex10' loaded for size
(Font)              <14.4> on input line 30.
LaTeX Font Info:    External font `cmex10' loaded for size
(Font)              <12> on input line 30.
LaTeX Font Info:    Font shape `OT1/ptm/bx/n' in size <10> not available
(Font)              Font shape `OT1/ptm/b/n' tried instead on input line 42.
LaTeX Font Info:    External font `cmex10' loaded for size
(Font)              <7> on input line 51.
LaTeX Font Info:    External font `cmex10' loaded for size
(Font)              <5> on input line 51.
 [1


] (./pvtxresolution.toc)
\tf@toc=\write3
\openout3 = `pvtxresolution.toc'.


[2] (./intro.tex) (./datasample.tex
LaTeX Font Info:    Try loading font information for OMS+ptm on input line 7.

(/usr/share/texmf/tex/latex/psnfss/omsptm.fd
File: omsptm.fd 
)
LaTeX Font Info:    Font shape `OMS/ptm/m/n' in size <10> not available
(Font)              Font shape `OMS/cmsy/m/n' tried instead on input line 7.


LaTeX Warning: Citation `CMS_NOTE_2009_021' on page 3 undefined on input line 2
2.

[3]) (./twovertex.tex [4]
File: figures/trkPtPV.eps Graphic file (type eps)
 <figures/trkPtPV.eps>
File: figures/trkEtaPV.eps Graphic file (type eps)
 <figures/trkEtaPV.eps>
File: figures/trkPhiPV.eps Graphic file (type eps)

<figures/trkPhiPV.eps>
File: figures/trkDxyCorrPV.eps Graphic file (type eps)
 <figures/trkDxyCorrPV.eps>
File: figures/trkDzPV.eps Graphic file (type eps)
 <figures/trkDzPV.eps>
Overfull \hbox (17.88364pt too wide) in paragraph at lines 87--98
 [] 
 []

File: figures/nTrkDiff.eps Graphic file (type eps)
<figures/nTrkDiff.eps>
File: figures/twovtxzsign.eps Graphic file (type eps)
 <figures/twovtxzsign.eps>
LaTeX Font Info:    External font `cmex10' loaded for size
(Font)              <8> on input line 121.
LaTeX Font Info:    External font `cmex10' loaded for size
(Font)              <6> on input line 121.
) (./mcvalidation.tex [5]
File: figures/ResX_900GeVMC.eps Graphic file (type eps)

<figures/ResX_900GeVMC.eps>
File: figures/ResY_900GeVMC.eps Graphic file (type eps)
 <figures/ResY_900GeVMC.eps>
File: figures/ResZ_900GeVMC.eps Graphic file (type eps)

<figures/ResZ_900GeVMC.eps>
File: figures/PullX_900GeVMC.eps Graphic file (type eps)
 <figures/PullX_900GeVMC.eps>
File: figures/PullY_900GeVMC.eps Graphic file (type eps)

<figures/PullY_900GeVMC.eps>
File: figures/PullZ_900GeVMC.eps Graphic file (type eps)
 <figures/PullZ_900GeVMC.eps>) [6]
(./dataresults.tex
File: figures/ResX_900GeV.eps Graphic file (type eps)
 <figures/ResX_900GeV.eps>
File: figures/ResY_900GeV.eps Graphic file (type eps)
 <figures/ResY_900GeV.eps>
File: figures/ResZ_900GeV.eps Graphic file (type eps)

<figures/ResZ_900GeV.eps>
File: figures/PullX_900GeV.eps Graphic file (type eps)
 <figures/PullX_900GeV.eps>
File: figures/PullY_900GeV.eps Graphic file (type eps)

<figures/PullY_900GeV.eps>
File: figures/PullZ_900GeV.eps Graphic file (type eps)
 <figures/PullZ_900GeV.eps>
File: figures/ResX_2360GeV.eps Graphic file (type eps)

<figures/ResX_2360GeV.eps>
File: figures/ResY_2360GeV.eps Graphic file (type eps)
 <figures/ResY_2360GeV.eps>
File: figures/ResZ_2360GeV.eps Graphic file (type eps)

<figures/ResZ_2360GeV.eps>
File: figures/PullX_2360GeV.eps Graphic file (type eps)
 <figures/PullX_2360GeV.eps>
File: figures/PullY_2360GeV.eps Graphic file (type eps)

<figures/PullY_2360GeV.eps>
File: figures/PullZ_2360GeV.eps Graphic file (type eps)
 <figures/PullZ_2360GeV.eps>) [7] (./systematics.tex
File: figures/ResX_IdealMC.eps Graphic file (type eps)
<figures/ResX_IdealMC.eps>
File: figures/ResY_IdealMC.eps Graphic file (type eps)
 <figures/ResY_IdealMC.eps>
File: figures/ResZ_IdealMC.eps Graphic file (type eps)

<figures/ResZ_IdealMC.eps>
File: figures/PullX_IdealMC.eps Graphic file (type eps)
 <figures/PullX_IdealMC.eps>
File: figures/PullY_IdealMC.eps Graphic file (type eps)

<figures/PullY_IdealMC.eps>
File: figures/PullZ_IdealMC.eps Graphic file (type eps)
 <figures/PullZ_IdealMC.eps> [8]
File: figures/ResX_HW.eps Graphic file (type eps)

<figures/ResX_HW.eps>
File: figures/ResY_HW.eps Graphic file (type eps)
 <figures/ResY_HW.eps>
File: figures/ResZ_HW.eps Graphic file (type eps)
 <figures/ResZ_HW.eps>
File: figures/PullX_HW.eps Graphic file (type eps)

<figures/PullX_HW.eps>
File: figures/PullY_HW.eps Graphic file (type eps)
 <figures/PullY_HW.eps>
File: figures/PullZ_HW.eps Graphic file (type eps)
 <figures/PullZ_HW.eps>)
(./conclusion.tex [9]) (./note-ref.tex) [10] [11] (./pvtxresolution.aux)

LaTeX Warning: There were undefined references.

 ) 
Here is how much of TeX's memory you used:
 1158 strings out of 95847
 15055 string characters out of 1195947
 61141 words of memory out of 1000001
 4042 multiletter control sequences out of 10000+50000
 15535 words of font info for 47 fonts, out of 500000 for 1000
 14 hyphenation exceptions out of 1000
 29i,8n,21p,363b,426s stack positions out of 1500i,500n,5000p,200000b,5000s

Output written on pvtxresolution.dvi (11 pages, 32160 bytes).
