This is pdfeTeX, Version 3.141592-1.21a-2.2 (Web2C 7.5.4) (format=latex 2010.7.15)  10 OCT 2010 09:00
entering extended mode
**jetveto
(./jetveto.tex
LaTeX2e <2003/12/01>
Babel <v3.8d> and hyphenation patterns for american, french, german, ngerman, b
ahasa, basque, bulgarian, catalan, croatian, czech, danish, dutch, esperanto, e
stonian, finnish, greek, icelandic, irish, italian, latin, magyar, norsk, polis
h, portuges, romanian, russian, serbian, slovak, slovene, spanish, swedish, tur
kish, ukrainian, nohyphenation, loaded.
(./cmspaper.cls
CMS paper style Version <0.4>, <25 Nov. 1996>
based on Document Style 'CERNART' Version <2.1>, <1 May 1995>
Document Class: cmspaper 1996/11/25
(/usr/share/texmf/tex/latex/base/article.cls
Document Class: article 2004/02/16 v1.4f Standard LaTeX document class
(/usr/share/texmf/tex/latex/base/size10.clo
File: size10.clo 2004/02/16 v1.4f Standard LaTeX file (size option)
)
\c@part=\count79
\c@section=\count80
\c@subsection=\count81
\c@subsubsection=\count82
\c@paragraph=\count83
\c@subparagraph=\count84
\c@figure=\count85
\c@table=\count86
\abovecaptionskip=\skip41
\belowcaptionskip=\skip42
\bibindent=\dimen102
)
\c@instfoot=\count87

(/usr/share/texmf/tex/latex/graphics/graphics.sty
Package: graphics 2001/07/07 v1.0n Standard LaTeX Graphics (DPC,SPQR)

(/usr/share/texmf/tex/latex/graphics/trig.sty
Package: trig 1999/03/16 v1.09 sin cos tan (DPC)
)
(/usr/share/texmf/tex/latex/graphics/graphics.cfg
File: graphics.cfg 2005/02/03 v1.3 graphics configuration of teTeX/TeXLive
)
Package graphics Info: Driver file: dvips.def on input line 80.

(/usr/share/texmf/tex/latex/graphics/dvips.def
File: dvips.def 1999/02/16 v3.0i Driver-dependant file (DPC,SPQR)
)))
(/usr/share/texmf/tex/latex/graphics/graphicx.sty
Package: graphicx 1999/02/16 v1.0f Enhanced LaTeX Graphics (DPC,SPQR)

(/usr/share/texmf/tex/latex/graphics/keyval.sty
Package: keyval 1999/03/16 v1.13 key=value parser (DPC)
\KV@toks@=\toks14
)
\Gin@req@height=\dimen103
\Gin@req@width=\dimen104
)
(/usr/share/texmf/tex/plain/dvips/rotate.tex
\rotdimen=\dimen105
)
(/usr/share/texmf/tex/latex/relsize/relsize.sty
Package: relsize 2003/07/04 ver 3.1
)
(/usr/share/texmf/tex/latex/graphics/epsfig.sty
Package: epsfig 1999/02/16 v1.7a (e)psfig emulation (SPQR)
\epsfxsize=\dimen106
\epsfysize=\dimen107
)
(/usr/share/texmf/tex/latex/lineno/lineno.sty
Package: lineno 2005/01/10 line numbers on paragraphs v4.1c
\linenopenalty=\count88
\output=\toks15
\linenoprevgraf=\count89
\linenumbersep=\dimen108
\linenumberwidth=\dimen109
\c@linenumber=\count90
\c@pagewiselinenumber=\count91
\n@LN@truepage=\count92
\c@linenumbermodulo=\count93
\c@internallinenumber=\count94
\c@internallinenumbers=\count95
\quotelinenumbersep=\dimen110
\bframerule=\dimen111
\bframesep=\dimen112
\bframebox=\box26
LaTeX Info: Redefining \\ on input line 2405.
)
(/usr/share/texmf/tex/latex/tools/verbatim.sty
Package: verbatim 2003/08/22 v1.5q LaTeX2e package for verbatim enhancements
\every@verbatim=\toks16
\verbatim@line=\toks17
\verbatim@in@stream=\read1
)
(/usr/share/texmf/tex/latex/multirow/multirow.sty
\bigstrutjot=\dimen113
)
No file jetveto.aux.
\openout1 = `jetveto.aux'.

LaTeX Font Info:    Checking defaults for OML/cmm/m/it on input line 19.
LaTeX Font Info:    ... okay on input line 19.
LaTeX Font Info:    Checking defaults for T1/cmr/m/n on input line 19.
LaTeX Font Info:    ... okay on input line 19.
LaTeX Font Info:    Checking defaults for OT1/cmr/m/n on input line 19.
LaTeX Font Info:    ... okay on input line 19.
LaTeX Font Info:    Checking defaults for OMS/cmsy/m/n on input line 19.
LaTeX Font Info:    ... okay on input line 19.
LaTeX Font Info:    Checking defaults for OMX/cmex/m/n on input line 19.
LaTeX Font Info:    ... okay on input line 19.
LaTeX Font Info:    Checking defaults for U/cmr/m/n on input line 19.
LaTeX Font Info:    ... okay on input line 19.
LaTeX Font Info:    Try loading font information for OT1+ptm on input line 19.
(/usr/share/texmf/tex/latex/psnfss/ot1ptm.fd
File: ot1ptm.fd 2001/06/04 font definitions for OT1/ptm.
)
LaTeX Font Info:    Font shape `OT1/ptm/bx/n' in size <14.4> not available
(Font)              Font shape `OT1/ptm/b/n' tried instead on input line 28.
File: cms_note.eps Graphic file (type eps)
 <cms_note.eps>
LaTeX Font Info:    Font shape `OT1/ptm/bx/n' in size <12> not available
(Font)              Font shape `OT1/ptm/b/n' tried instead on input line 29.
LaTeX Font Info:    Try loading font information for OT1+phv on input line 31.

(/usr/share/texmf/tex/latex/psnfss/ot1phv.fd
File: ot1phv.fd 2001/06/04 scalable font definitions for OT1/phv.
)
LaTeX Font Info:    External font `cmex10' loaded for size
(Font)              <20.74> on input line 31.
LaTeX Font Info:    External font `cmex10' loaded for size
(Font)              <14.4> on input line 31.
LaTeX Font Info:    External font `cmex10' loaded for size
(Font)              <12> on input line 31.
LaTeX Font Info:    Font shape `OT1/ptm/bx/n' in size <10> not available
(Font)              Font shape `OT1/ptm/b/n' tried instead on input line 42.
LaTeX Font Info:    External font `cmex10' loaded for size
(Font)              <7> on input line 45.
LaTeX Font Info:    External font `cmex10' loaded for size
(Font)              <5> on input line 45.
 [1


]
No file jetveto.toc.
\tf@toc=\write3
\openout3 = `jetveto.toc'.

(./intro.tex

LaTeX Warning: Citation `wwanalysis' on page 2 undefined on input line 2.


LaTeX Warning: Reference `eq:wweff' on page 2 undefined on input line 31.


LaTeX Warning: Reference `tab:datasets' on page 2 undefined on input line 32.

) (./zeff.tex

LaTeX Warning: Reference `tab:datasets' on page 2 undefined on input line 2.

[2]
LaTeX Font Info:    Try loading font information for OMS+ptm on input line 11.
 (/usr/share/texmf/tex/latex/psnfss/omsptm.fd
File: omsptm.fd 
)
LaTeX Font Info:    Font shape `OMS/ptm/m/n' in size <10> not available
(Font)              Font shape `OMS/cmsy/m/n' tried instead on input line 11.


LaTeX Warning: Reference `fig:fwdjetet' on page 3 undefined on input line 33.


LaTeX Warning: Reference `fig:fwdjeteff' on page 3 undefined on input line 34.


LaTeX Warning: Reference `fig:jeteff' on page 3 undefined on input line 41.


LaTeX Warning: Citation `jetalgo' on page 3 undefined on input line 42.


LaTeX Warning: Reference `fig:jeteff_jec' on page 3 undefined on input line 45.



LaTeX Warning: Reference `tab:zeff_results' on page 3 undefined on input line 5
3.


LaTeX Warning: Reference `tab:zeff_jec_results' on page 3 undefined on input li
ne 53.

File: figures/hmaxCaloJetPtHF_all.eps Graphic file (type eps)
<figures/hmaxCaloJetPtHF_all.eps>
File: figures/hmaxPFJetPtHF_all.eps Graphic file (type eps)
 <figures/hmaxPFJetPtHF_all.eps>
File: figures/hmaxJPTPtHF_all.eps Graphic file (type eps)

<figures/hmaxJPTPtHF_all.eps>
Overfull \hbox (17.05824pt too wide) in paragraph at lines 58--69
 [] 
 []

File: figures/hmaxCaloJetPtHF_all_eff.eps Graphic file (type eps)
<figures/hmaxCaloJetPtHF_all_eff.eps>
File: figures/hmaxPFJetPtHF_all_eff.eps Graphic file (type eps)
 <figures/hmaxPFJetPtHF_all_eff.eps>
File: figures/hmaxJPTPtHF_all_eff.eps Graphic file (type eps)

<figures/hmaxJPTPtHF_all_eff.eps>
Overfull \hbox (17.05824pt too wide) in paragraph at lines 77--86
 [] 
 []

File: figures/hmaxPFJetPt_all_eff.eps Graphic file (type eps)
<figures/hmaxPFJetPt_all_eff.eps>
File: figures/hmaxJPTPt_all_eff.eps Graphic file (type eps)
 <figures/hmaxJPTPt_all_eff.eps>
File: figures/hmaxCaloJetPt_all_eff_JEC.eps Graphic file (type eps)

<figures/hmaxCaloJetPt_all_eff_JEC.eps>
File: figures/hmaxPFJetPt_all_eff_JEC.eps Graphic file (type eps)
 <figures/hmaxPFJetPt_all_eff_JEC.eps>
File: figures/hmaxJPTPt_all_eff_JEC.eps Graphic file (type eps)

<figures/hmaxJPTPt_all_eff_JEC.eps>
File: figures/hmaxTrkJetPt_all_eff_JEC.eps Graphic file (type eps)
 <figures/hmaxTrkJetPt_all_eff_JEC.eps>)
[3] [4] [5] [6] (./wwzratio.tex

LaTeX Warning: Reference `eq:wweff' on page 7 undefined on input line 2.


LaTeX Warning: Reference `fig:wwz_pthat' on page 7 undefined on input line 5.


LaTeX Warning: Reference `fig:wwz_pthat' on page 7 undefined on input line 11.


LaTeX Warning: Reference `fig:wwzratio' on page 7 undefined on input line 14.


LaTeX Warning: Reference `fig:wwzratio_JEC' on page 7 undefined on input line 1
4.


LaTeX Warning: Reference `sec:zeff' on page 7 undefined on input line 22.


LaTeX Warning: Reference `tab:wwzratio_results' on page 7 undefined on input li
ne 70.


LaTeX Warning: Reference `tab:wwzratio_jec_results' on page 7 undefined on inpu
t line 70.

File: figures/pthat.eps Graphic file (type eps)
<figures/pthat.eps>
File: figures/wwz_genjet_pt.eps Graphic file (type eps)
 <figures/wwz_genjet_pt.eps>
File: figures/wwzratio_hmaxPFJetPt_all.eps Graphic file (type eps)

<figures/wwzratio_hmaxPFJetPt_all.eps>
File: figures/wwzratio_hmaxJPTPt_all.eps Graphic file (type eps)
 <figures/wwzratio_hmaxJPTPt_all.eps>
File: figures/wwzratio_hmaxPFJetPt_all_JEC.eps Graphic file (type eps)

<figures/wwzratio_hmaxPFJetPt_all_JEC.eps>
File: figures/wwzratio_hmaxJPTPt_all_JEC.eps Graphic file (type eps)

<figures/wwzratio_hmaxJPTPt_all_JEC.eps>) (./jetresponse.tex

LaTeX Warning: Citation `jet-7tev' on page 7 undefined on input line 1.


LaTeX Warning: Reference `fig:jec' on page 7 undefined on input line 6.


LaTeX Warning: Reference `fig:jec' on page 7 undefined on input line 8.


LaTeX Warning: Citation `jec-kostas' on page 7 undefined on input line 9.


LaTeX Warning: Citation `jec-zbalance' on page 7 undefined on input line 15.

File: figures/pfjet_corr.eps Graphic file (type eps)
<figures/pfjet_corr.eps>
File: figures/pfjet_residual.eps Graphic file (type eps)
 <figures/pfjet_residual.eps>

LaTeX Warning: Reference `sec:zeff' on page 7 undefined on input line 35.

[7

]

LaTeX Warning: Reference `fig:jec_pfjet' on page 8 undefined on input line 45.


LaTeX Warning: Reference `fig:jec' on page 8 undefined on input line 50.

File: figures/PFJetResponse_JEC.eps Graphic file (type eps)
<figures/PFJetResponse_JEC.eps>) [8] [9] [10] (./conclusion.tex

LaTeX Warning: Reference `tab:zeff_results' on page 11 undefined on input line 
9.


LaTeX Warning: Reference `tab:zeff_jec_results' on page 11 undefined on input l
ine 9.


LaTeX Warning: Reference `tab:wweff_results' on page 11 undefined on input line
 30.


LaTeX Warning: Reference `tab:wweff_jec_results' on page 11 undefined on input 
line 30.

) (./note-ref.tex) [11

] (./jetveto.aux)

LaTeX Warning: There were undefined references.


LaTeX Warning: Label(s) may have changed. Rerun to get cross-references right.

 ) 
Here is how much of TeX's memory you used:
 1111 strings out of 94501
 14682 string characters out of 1176789
 63949 words of memory out of 1000000
 4264 multiletter control sequences out of 10000+50000
 11626 words of font info for 33 fonts, out of 500000 for 2000
 580 hyphenation exceptions out of 1000
 29i,9n,19p,389b,360s stack positions out of 1500i,500n,5000p,200000b,5000s

Output written on jetveto.dvi (11 pages, 28616 bytes).
